2026-04-08 19:04:17 - demo - INFO - Step 1: Initializing components...
2026-04-08 19:04:17 - demo - INFO - 
Step 2: Loading dataset...
2026-04-08 19:04:18 - demo - INFO - Creating synthetic attack data for demonstration...
2026-04-08 19:04:18 - demo - INFO - Total samples: 39056
2026-04-08 19:04:18 - demo - INFO -   Benign: 19528
2026-04-08 19:04:18 - demo - INFO -   Attack: 19528
2026-04-08 19:04:18 - demo - INFO - 
Step 3: Preparing data...
2026-04-08 19:04:18 - demo - INFO - Training set: (21480, 30)
2026-04-08 19:04:18 - demo - INFO - Test set: (11717, 30)
2026-04-08 19:04:18 - demo - INFO - 
Step 4: Training Random Forest model...
2026-04-08 19:04:19 - demo - INFO - Random Forest Test Accuracy: 0.9965
2026-04-08 19:04:19 - demo - INFO - 
Step 5: Training SVM model...
2026-04-08 19:05:55 - demo - INFO - SVM Test Accuracy: 0.9073
2026-04-08 19:05:55 - demo - INFO - 
Step 6: Generating visualizations...
2026-04-08 19:07:26 - demo - INFO - 
Step 7: Saving models...
