2026-04-08 22:11:45 - demo - INFO - Step 1: Generating structured synthetic dataset...
2026-04-08 22:11:45 - demo - INFO - Dataset shape: (5000, 115)  |  Class balance: [2507 2493]
2026-04-08 22:12:55 - demo - INFO - 
Step 2: Preprocessing data...
2026-04-08 22:12:55 - demo - INFO - Train: (3500, 40)  Val: (500, 40)  Test: (1000, 40)
2026-04-08 22:12:55 - demo - INFO - 
Step 3: Training Random Forest...
2026-04-08 22:12:56 - demo - INFO - RF  Accuracy=0.9710  AUC=0.9852
2026-04-08 22:13:07 - demo - INFO - 
Step 4: Training Neural Network...
2026-04-08 22:13:14 - demo - INFO - NN  Accuracy=0.9840  AUC=0.9904
2026-04-08 22:13:21 - demo - INFO - 
Step 5: Training SVM...
2026-04-08 22:13:23 - demo - INFO - SVM Accuracy=0.9890  AUC=0.9896
2026-04-08 22:13:27 - demo - INFO - 
Step 6: Training Logistic Regression...
2026-04-08 22:13:27 - demo - INFO - LR  Accuracy=0.9690  AUC=0.9863
2026-04-08 22:13:29 - demo - INFO - 
Step 7: Generating comparison graphs...
2026-04-08 22:14:07 - demo - INFO - 
Step 8: Saving models...
